2023-02-05 10:45:39,254 - mmcls - INFO - Environment info:
------------------------------------------------------------
sys.platform: win32
Python: 3.8.7 (tags/v3.8.7:6503f05, Dec 21 2020, 17:59:51) [MSC v.1928 64 bit (AMD64)]
CUDA available: True
GPU 0: NVIDIA GeForce GTX 1650
CUDA_HOME: D:\Program Files\NVIDIA GPU Computing Toolkit\CUDA\v10.2
NVCC: Cuda compilation tools, release 10.2, V10.2.8
MSVC: 用于 x64 的 Microsoft (R) C/C++ 优化编译器 19.29.30145 版
GCC: n/a
PyTorch: 1.9.0+cu102
PyTorch compiling details: PyTorch built with:
  - C++ Version: 199711
  - MSVC 192829337
  - Intel(R) Math Kernel Library Version 2020.0.2 Product Build 20200624 for Intel(R) 64 architecture applications
  - Intel(R) MKL-DNN v2.1.2 (Git Hash 98be7e8afa711dc9b66c8ff3504129cb82013cdb)
  - OpenMP 2019
  - CPU capability usage: AVX2
  - CUDA Runtime 10.2
  - NVCC architecture flags: -gencode;arch=compute_37,code=sm_37;-gencode;arch=compute_50,code=sm_50;-gencode;arch=compute_60,code=sm_60;-gencode;arch=compute_61,code=sm_61;-gencode;arch=compute_70,code=sm_70;-gencode;arch=compute_75,code=sm_75;-gencode;arch=compute_37,code=compute_37
  - CuDNN 7.6.5
  - Magma 2.5.4
  - Build settings: BLAS_INFO=mkl, BUILD_TYPE=Release, CUDA_VERSION=10.2, CUDNN_VERSION=7.6.5, CXX_COMPILER=C:/w/b/windows/tmp_bin/sccache-cl.exe, CXX_FLAGS=/DWIN32 /D_WINDOWS /GR /EHsc /w /bigobj -DUSE_PTHREADPOOL -openmp:experimental -IC:/w/b/windows/mkl/include -DNDEBUG -DUSE_KINETO -DLIBKINETO_NOCUPTI -DUSE_FBGEMM -DUSE_XNNPACK -DSYMBOLICATE_MOBILE_DEBUG_HANDLE, LAPACK_INFO=mkl, PERF_WITH_AVX=1, PERF_WITH_AVX2=1, PERF_WITH_AVX512=1, TORCH_VERSION=1.9.0, USE_CUDA=ON, USE_CUDNN=ON, USE_EXCEPTION_PTR=1, USE_GFLAGS=OFF, USE_GLOG=OFF, USE_MKL=ON, USE_MKLDNN=ON, USE_MPI=OFF, USE_NCCL=OFF, USE_NNPACK=OFF, USE_OPENMP=ON, 

TorchVision: 0.10.0+cu102
OpenCV: 4.5.1
MMCV: 1.5.0
MMCV Compiler: MSVC 192930133
MMCV CUDA Compiler: 10.2
MMClassification: 0.25.0+3d4f80d
------------------------------------------------------------

2023-02-05 10:45:39,254 - mmcls - INFO - Distributed training: False
2023-02-05 10:45:39,395 - mmcls - INFO - Config:
model = dict(
    type='ImageClassifier',
    backbone=dict(
        type='ResNet',
        depth=18,
        num_stages=4,
        out_indices=(3, ),
        style='pytorch'),
    neck=dict(type='GlobalAveragePooling'),
    head=dict(
        type='LinearClsHead',
        num_classes=5,
        in_channels=512,
        loss=dict(type='CrossEntropyLoss', loss_weight=1.0),
        topk=(1, )))
dataset_type = 'ImageNet'
img_norm_cfg = dict(
    mean=[123.675, 116.28, 103.53], std=[58.395, 57.12, 57.375], to_rgb=True)
train_pipeline = [
    dict(type='LoadImageFromFile'),
    dict(type='RandomResizedCrop', size=224),
    dict(type='RandomFlip', flip_prob=0.5, direction='horizontal'),
    dict(
        type='Normalize',
        mean=[123.675, 116.28, 103.53],
        std=[58.395, 57.12, 57.375],
        to_rgb=True),
    dict(type='ImageToTensor', keys=['img']),
    dict(type='ToTensor', keys=['gt_label']),
    dict(type='Collect', keys=['img', 'gt_label'])
]
test_pipeline = [
    dict(type='LoadImageFromFile'),
    dict(type='Resize', size=(256, -1)),
    dict(type='CenterCrop', crop_size=224),
    dict(
        type='Normalize',
        mean=[123.675, 116.28, 103.53],
        std=[58.395, 57.12, 57.375],
        to_rgb=True),
    dict(type='ImageToTensor', keys=['img']),
    dict(type='Collect', keys=['img'])
]
data = dict(
    samples_per_gpu=20,
    workers_per_gpu=1,
    train=dict(
        type='ImageNet',
        data_prefix='data/flower_dataset/train',
        pipeline=[
            dict(type='LoadImageFromFile'),
            dict(type='RandomResizedCrop', size=224),
            dict(type='RandomFlip', flip_prob=0.5, direction='horizontal'),
            dict(
                type='Normalize',
                mean=[123.675, 116.28, 103.53],
                std=[58.395, 57.12, 57.375],
                to_rgb=True),
            dict(type='ImageToTensor', keys=['img']),
            dict(type='ToTensor', keys=['gt_label']),
            dict(type='Collect', keys=['img', 'gt_label'])
        ],
        ann_file='data/flower_dataset/train.txt',
        classes='data/flower_dataset/classes.txt'),
    val=dict(
        type='ImageNet',
        data_prefix='data/flower_dataset/val',
        ann_file='data/flower_dataset/val.txt',
        pipeline=[
            dict(type='LoadImageFromFile'),
            dict(type='Resize', size=(256, -1)),
            dict(type='CenterCrop', crop_size=224),
            dict(
                type='Normalize',
                mean=[123.675, 116.28, 103.53],
                std=[58.395, 57.12, 57.375],
                to_rgb=True),
            dict(type='ImageToTensor', keys=['img']),
            dict(type='Collect', keys=['img'])
        ],
        classes='data/flower_dataset/classes.txt'),
    test=dict(
        type='ImageNet',
        data_prefix='data/imagenet/val',
        ann_file='data/imagenet/meta/val.txt',
        pipeline=[
            dict(type='LoadImageFromFile'),
            dict(type='Resize', size=(256, -1)),
            dict(type='CenterCrop', crop_size=224),
            dict(
                type='Normalize',
                mean=[123.675, 116.28, 103.53],
                std=[58.395, 57.12, 57.375],
                to_rgb=True),
            dict(type='ImageToTensor', keys=['img']),
            dict(type='Collect', keys=['img'])
        ]))
evaluation = dict(interval=1, metric='accuracy')
checkpoint_config = dict(interval=50)
log_config = dict(interval=100, hooks=[dict(type='TextLoggerHook')])
dist_params = dict(backend='nccl')
log_level = 'INFO'
load_from = None
resume_from = None
workflow = [('train', 1)]
optimizer = dict(type='SGD', lr=0.0005, momentum=0.9, weight_decay=0.0001)
optimizer_config = dict(grad_clip=None)
lr_config = dict(policy='step', step=[1])
runner = dict(type='EpochBasedRunner', max_epochs=100)
work_dir = './work_dirs\resnet18_b32_flower'
gpu_ids = [0]

2023-02-05 10:45:39,395 - mmcls - INFO - Set random seed to 2042067466, deterministic: False
2023-02-05 10:45:39,490 - mmcls - INFO - initialize ResNet with init_cfg [{'type': 'Kaiming', 'layer': ['Conv2d']}, {'type': 'Constant', 'val': 1, 'layer': ['_BatchNorm', 'GroupNorm']}]
2023-02-05 10:45:39,615 - mmcls - INFO - initialize LinearClsHead with init_cfg {'type': 'Normal', 'layer': 'Linear', 'std': 0.01}
Name of parameter - Initialization information

backbone.conv1.weight - torch.Size([64, 3, 7, 7]): 
KaimingInit: a=0, mode=fan_out, nonlinearity=relu, distribution =normal, bias=0 

backbone.bn1.weight - torch.Size([64]): 
The value is the same before and after calling `init_weights` of ImageClassifier  

backbone.bn1.bias - torch.Size([64]): 
The value is the same before and after calling `init_weights` of ImageClassifier  

backbone.layer1.0.conv1.weight - torch.Size([64, 64, 3, 3]): 
KaimingInit: a=0, mode=fan_out, nonlinearity=relu, distribution =normal, bias=0 

backbone.layer1.0.bn1.weight - torch.Size([64]): 
The value is the same before and after calling `init_weights` of ImageClassifier  

backbone.layer1.0.bn1.bias - torch.Size([64]): 
The value is the same before and after calling `init_weights` of ImageClassifier  

backbone.layer1.0.conv2.weight - torch.Size([64, 64, 3, 3]): 
KaimingInit: a=0, mode=fan_out, nonlinearity=relu, distribution =normal, bias=0 

backbone.layer1.0.bn2.weight - torch.Size([64]): 
Initialized by user-defined `init_weights` in ResNet  

backbone.layer1.0.bn2.bias - torch.Size([64]): 
The value is the same before and after calling `init_weights` of ImageClassifier  

backbone.layer1.1.conv1.weight - torch.Size([64, 64, 3, 3]): 
KaimingInit: a=0, mode=fan_out, nonlinearity=relu, distribution =normal, bias=0 

backbone.layer1.1.bn1.weight - torch.Size([64]): 
The value is the same before and after calling `init_weights` of ImageClassifier  

backbone.layer1.1.bn1.bias - torch.Size([64]): 
The value is the same before and after calling `init_weights` of ImageClassifier  

backbone.layer1.1.conv2.weight - torch.Size([64, 64, 3, 3]): 
KaimingInit: a=0, mode=fan_out, nonlinearity=relu, distribution =normal, bias=0 

backbone.layer1.1.bn2.weight - torch.Size([64]): 
Initialized by user-defined `init_weights` in ResNet  

backbone.layer1.1.bn2.bias - torch.Size([64]): 
The value is the same before and after calling `init_weights` of ImageClassifier  

backbone.layer2.0.conv1.weight - torch.Size([128, 64, 3, 3]): 
KaimingInit: a=0, mode=fan_out, nonlinearity=relu, distribution =normal, bias=0 

backbone.layer2.0.bn1.weight - torch.Size([128]): 
The value is the same before and after calling `init_weights` of ImageClassifier  

backbone.layer2.0.bn1.bias - torch.Size([128]): 
The value is the same before and after calling `init_weights` of ImageClassifier  

backbone.layer2.0.conv2.weight - torch.Size([128, 128, 3, 3]): 
KaimingInit: a=0, mode=fan_out, nonlinearity=relu, distribution =normal, bias=0 

backbone.layer2.0.bn2.weight - torch.Size([128]): 
Initialized by user-defined `init_weights` in ResNet  

backbone.layer2.0.bn2.bias - torch.Size([128]): 
The value is the same before and after calling `init_weights` of ImageClassifier  

backbone.layer2.0.downsample.0.weight - torch.Size([128, 64, 1, 1]): 
KaimingInit: a=0, mode=fan_out, nonlinearity=relu, distribution =normal, bias=0 

backbone.layer2.0.downsample.1.weight - torch.Size([128]): 
The value is the same before and after calling `init_weights` of ImageClassifier  

backbone.layer2.0.downsample.1.bias - torch.Size([128]): 
The value is the same before and after calling `init_weights` of ImageClassifier  

backbone.layer2.1.conv1.weight - torch.Size([128, 128, 3, 3]): 
KaimingInit: a=0, mode=fan_out, nonlinearity=relu, distribution =normal, bias=0 

backbone.layer2.1.bn1.weight - torch.Size([128]): 
The value is the same before and after calling `init_weights` of ImageClassifier  

backbone.layer2.1.bn1.bias - torch.Size([128]): 
The value is the same before and after calling `init_weights` of ImageClassifier  

backbone.layer2.1.conv2.weight - torch.Size([128, 128, 3, 3]): 
KaimingInit: a=0, mode=fan_out, nonlinearity=relu, distribution =normal, bias=0 

backbone.layer2.1.bn2.weight - torch.Size([128]): 
Initialized by user-defined `init_weights` in ResNet  

backbone.layer2.1.bn2.bias - torch.Size([128]): 
The value is the same before and after calling `init_weights` of ImageClassifier  

backbone.layer3.0.conv1.weight - torch.Size([256, 128, 3, 3]): 
KaimingInit: a=0, mode=fan_out, nonlinearity=relu, distribution =normal, bias=0 

backbone.layer3.0.bn1.weight - torch.Size([256]): 
The value is the same before and after calling `init_weights` of ImageClassifier  

backbone.layer3.0.bn1.bias - torch.Size([256]): 
The value is the same before and after calling `init_weights` of ImageClassifier  

backbone.layer3.0.conv2.weight - torch.Size([256, 256, 3, 3]): 
KaimingInit: a=0, mode=fan_out, nonlinearity=relu, distribution =normal, bias=0 

backbone.layer3.0.bn2.weight - torch.Size([256]): 
Initialized by user-defined `init_weights` in ResNet  

backbone.layer3.0.bn2.bias - torch.Size([256]): 
The value is the same before and after calling `init_weights` of ImageClassifier  

backbone.layer3.0.downsample.0.weight - torch.Size([256, 128, 1, 1]): 
KaimingInit: a=0, mode=fan_out, nonlinearity=relu, distribution =normal, bias=0 

backbone.layer3.0.downsample.1.weight - torch.Size([256]): 
The value is the same before and after calling `init_weights` of ImageClassifier  

backbone.layer3.0.downsample.1.bias - torch.Size([256]): 
The value is the same before and after calling `init_weights` of ImageClassifier  

backbone.layer3.1.conv1.weight - torch.Size([256, 256, 3, 3]): 
KaimingInit: a=0, mode=fan_out, nonlinearity=relu, distribution =normal, bias=0 

backbone.layer3.1.bn1.weight - torch.Size([256]): 
The value is the same before and after calling `init_weights` of ImageClassifier  

backbone.layer3.1.bn1.bias - torch.Size([256]): 
The value is the same before and after calling `init_weights` of ImageClassifier  

backbone.layer3.1.conv2.weight - torch.Size([256, 256, 3, 3]): 
KaimingInit: a=0, mode=fan_out, nonlinearity=relu, distribution =normal, bias=0 

backbone.layer3.1.bn2.weight - torch.Size([256]): 
Initialized by user-defined `init_weights` in ResNet  

backbone.layer3.1.bn2.bias - torch.Size([256]): 
The value is the same before and after calling `init_weights` of ImageClassifier  

backbone.layer4.0.conv1.weight - torch.Size([512, 256, 3, 3]): 
KaimingInit: a=0, mode=fan_out, nonlinearity=relu, distribution =normal, bias=0 

backbone.layer4.0.bn1.weight - torch.Size([512]): 
The value is the same before and after calling `init_weights` of ImageClassifier  

backbone.layer4.0.bn1.bias - torch.Size([512]): 
The value is the same before and after calling `init_weights` of ImageClassifier  

backbone.layer4.0.conv2.weight - torch.Size([512, 512, 3, 3]): 
KaimingInit: a=0, mode=fan_out, nonlinearity=relu, distribution =normal, bias=0 

backbone.layer4.0.bn2.weight - torch.Size([512]): 
Initialized by user-defined `init_weights` in ResNet  

backbone.layer4.0.bn2.bias - torch.Size([512]): 
The value is the same before and after calling `init_weights` of ImageClassifier  

backbone.layer4.0.downsample.0.weight - torch.Size([512, 256, 1, 1]): 
KaimingInit: a=0, mode=fan_out, nonlinearity=relu, distribution =normal, bias=0 

backbone.layer4.0.downsample.1.weight - torch.Size([512]): 
The value is the same before and after calling `init_weights` of ImageClassifier  

backbone.layer4.0.downsample.1.bias - torch.Size([512]): 
The value is the same before and after calling `init_weights` of ImageClassifier  

backbone.layer4.1.conv1.weight - torch.Size([512, 512, 3, 3]): 
KaimingInit: a=0, mode=fan_out, nonlinearity=relu, distribution =normal, bias=0 

backbone.layer4.1.bn1.weight - torch.Size([512]): 
The value is the same before and after calling `init_weights` of ImageClassifier  

backbone.layer4.1.bn1.bias - torch.Size([512]): 
The value is the same before and after calling `init_weights` of ImageClassifier  

backbone.layer4.1.conv2.weight - torch.Size([512, 512, 3, 3]): 
KaimingInit: a=0, mode=fan_out, nonlinearity=relu, distribution =normal, bias=0 

backbone.layer4.1.bn2.weight - torch.Size([512]): 
Initialized by user-defined `init_weights` in ResNet  

backbone.layer4.1.bn2.bias - torch.Size([512]): 
The value is the same before and after calling `init_weights` of ImageClassifier  

head.fc.weight - torch.Size([5, 512]): 
NormalInit: mean=0, std=0.01, bias=0 

head.fc.bias - torch.Size([5]): 
NormalInit: mean=0, std=0.01, bias=0 
2023-02-05 10:45:41,548 - mmcls - INFO - Start running, host: Ajie@LAPTOP-V9FU45AA, work_dir: E:\PyCharm\OpenMMLab\MMclassification\mmclassification\work_dirs\resnet18_b32_flower
2023-02-05 10:45:41,549 - mmcls - INFO - Hooks will be executed in the following order:
before_run:
(VERY_HIGH   ) StepLrUpdaterHook                  
(NORMAL      ) CheckpointHook                     
(LOW         ) EvalHook                           
(VERY_LOW    ) TextLoggerHook                     
 -------------------- 
before_train_epoch:
(VERY_HIGH   ) StepLrUpdaterHook                  
(LOW         ) IterTimerHook                      
(LOW         ) EvalHook                           
(VERY_LOW    ) TextLoggerHook                     
 -------------------- 
before_train_iter:
(VERY_HIGH   ) StepLrUpdaterHook                  
(LOW         ) IterTimerHook                      
(LOW         ) EvalHook                           
 -------------------- 
after_train_iter:
(ABOVE_NORMAL) OptimizerHook                      
(NORMAL      ) CheckpointHook                     
(LOW         ) IterTimerHook                      
(LOW         ) EvalHook                           
(VERY_LOW    ) TextLoggerHook                     
 -------------------- 
after_train_epoch:
(NORMAL      ) CheckpointHook                     
(LOW         ) EvalHook                           
(VERY_LOW    ) TextLoggerHook                     
 -------------------- 
before_val_epoch:
(LOW         ) IterTimerHook                      
(VERY_LOW    ) TextLoggerHook                     
 -------------------- 
before_val_iter:
(LOW         ) IterTimerHook                      
 -------------------- 
after_val_iter:
(LOW         ) IterTimerHook                      
 -------------------- 
after_val_epoch:
(VERY_LOW    ) TextLoggerHook                     
 -------------------- 
after_run:
(VERY_LOW    ) TextLoggerHook                     
 -------------------- 
2023-02-05 10:45:41,550 - mmcls - INFO - workflow: [('train', 1)], max: 100 epochs
2023-02-05 10:45:41,550 - mmcls - INFO - Checkpoints will be saved to E:\PyCharm\OpenMMLab\MMclassification\mmclassification\work_dirs\resnet18_b32_flower by HardDiskBackend.
2023-02-05 10:46:01,803 - mmcls - INFO - Epoch [1][100/114]	lr: 5.000e-04, eta: 0:37:59, time: 0.202, data_time: 0.074, memory: 615, loss: 1.4749
2023-02-05 10:46:09,863 - mmcls - INFO - Epoch(val) [1][29]	accuracy_top-1: 50.0000, accuracy_top-5: 100.0000
2023-02-05 10:46:23,298 - mmcls - INFO - Epoch [2][100/114]	lr: 5.000e-05, eta: 0:29:13, time: 0.134, data_time: 0.021, memory: 615, loss: 1.2837
2023-02-05 10:46:26,712 - mmcls - INFO - Epoch(val) [2][29]	accuracy_top-1: 52.6224, accuracy_top-5: 100.0000
2023-02-05 10:46:40,159 - mmcls - INFO - Epoch [3][100/114]	lr: 5.000e-05, eta: 0:26:24, time: 0.134, data_time: 0.021, memory: 615, loss: 1.2692
2023-02-05 10:46:43,596 - mmcls - INFO - Epoch(val) [3][29]	accuracy_top-1: 51.2238, accuracy_top-5: 100.0000
2023-02-05 10:46:57,187 - mmcls - INFO - Epoch [4][100/114]	lr: 5.000e-05, eta: 0:24:57, time: 0.135, data_time: 0.021, memory: 615, loss: 1.2587
2023-02-05 10:47:00,730 - mmcls - INFO - Epoch(val) [4][29]	accuracy_top-1: 50.5245, accuracy_top-5: 100.0000
2023-02-05 10:47:14,360 - mmcls - INFO - Epoch [5][100/114]	lr: 5.000e-05, eta: 0:24:02, time: 0.136, data_time: 0.021, memory: 615, loss: 1.2372
2023-02-05 10:47:17,934 - mmcls - INFO - Epoch(val) [5][29]	accuracy_top-1: 52.4476, accuracy_top-5: 100.0000
2023-02-05 10:47:31,723 - mmcls - INFO - Epoch [6][100/114]	lr: 5.000e-05, eta: 0:23:24, time: 0.137, data_time: 0.021, memory: 615, loss: 1.2406
2023-02-05 10:47:35,334 - mmcls - INFO - Epoch(val) [6][29]	accuracy_top-1: 52.2727, accuracy_top-5: 100.0000
2023-02-05 10:47:49,294 - mmcls - INFO - Epoch [7][100/114]	lr: 5.000e-05, eta: 0:22:55, time: 0.139, data_time: 0.021, memory: 615, loss: 1.2200
2023-02-05 10:47:52,919 - mmcls - INFO - Epoch(val) [7][29]	accuracy_top-1: 53.1469, accuracy_top-5: 100.0000
2023-02-05 10:48:07,058 - mmcls - INFO - Epoch [8][100/114]	lr: 5.000e-05, eta: 0:22:32, time: 0.141, data_time: 0.021, memory: 615, loss: 1.2143
2023-02-05 10:48:10,658 - mmcls - INFO - Epoch(val) [8][29]	accuracy_top-1: 51.9231, accuracy_top-5: 100.0000
2023-02-05 10:48:24,756 - mmcls - INFO - Epoch [9][100/114]	lr: 5.000e-05, eta: 0:22:10, time: 0.140, data_time: 0.021, memory: 615, loss: 1.2098
2023-02-05 10:48:28,313 - mmcls - INFO - Epoch(val) [9][29]	accuracy_top-1: 53.6713, accuracy_top-5: 100.0000
2023-02-05 10:48:42,386 - mmcls - INFO - Epoch [10][100/114]	lr: 5.000e-05, eta: 0:21:50, time: 0.140, data_time: 0.021, memory: 615, loss: 1.1927
2023-02-05 10:48:45,931 - mmcls - INFO - Epoch(val) [10][29]	accuracy_top-1: 52.9720, accuracy_top-5: 100.0000
2023-02-05 10:49:00,101 - mmcls - INFO - Epoch [11][100/114]	lr: 5.000e-05, eta: 0:21:32, time: 0.141, data_time: 0.021, memory: 615, loss: 1.1850
2023-02-05 10:49:03,708 - mmcls - INFO - Epoch(val) [11][29]	accuracy_top-1: 54.0210, accuracy_top-5: 100.0000
2023-02-05 10:49:17,888 - mmcls - INFO - Epoch [12][100/114]	lr: 5.000e-05, eta: 0:21:14, time: 0.141, data_time: 0.021, memory: 615, loss: 1.1813
2023-02-05 10:49:21,463 - mmcls - INFO - Epoch(val) [12][29]	accuracy_top-1: 52.9720, accuracy_top-5: 100.0000
2023-02-05 10:49:35,668 - mmcls - INFO - Epoch [13][100/114]	lr: 5.000e-05, eta: 0:20:58, time: 0.141, data_time: 0.021, memory: 615, loss: 1.1728
2023-02-05 10:49:39,224 - mmcls - INFO - Epoch(val) [13][29]	accuracy_top-1: 54.1958, accuracy_top-5: 100.0000
2023-02-05 10:49:53,391 - mmcls - INFO - Epoch [14][100/114]	lr: 5.000e-05, eta: 0:20:41, time: 0.141, data_time: 0.021, memory: 615, loss: 1.1621
2023-02-05 10:49:57,019 - mmcls - INFO - Epoch(val) [14][29]	accuracy_top-1: 54.1958, accuracy_top-5: 100.0000
2023-02-05 10:50:11,242 - mmcls - INFO - Epoch [15][100/114]	lr: 5.000e-05, eta: 0:20:25, time: 0.141, data_time: 0.021, memory: 615, loss: 1.1551
2023-02-05 10:50:14,835 - mmcls - INFO - Epoch(val) [15][29]	accuracy_top-1: 53.8462, accuracy_top-5: 100.0000
2023-02-05 10:50:29,002 - mmcls - INFO - Epoch [16][100/114]	lr: 5.000e-05, eta: 0:20:09, time: 0.141, data_time: 0.021, memory: 615, loss: 1.1561
2023-02-05 10:50:32,621 - mmcls - INFO - Epoch(val) [16][29]	accuracy_top-1: 53.6713, accuracy_top-5: 100.0000
2023-02-05 10:50:46,819 - mmcls - INFO - Epoch [17][100/114]	lr: 5.000e-05, eta: 0:19:53, time: 0.141, data_time: 0.021, memory: 615, loss: 1.1545
2023-02-05 10:50:50,462 - mmcls - INFO - Epoch(val) [17][29]	accuracy_top-1: 54.0210, accuracy_top-5: 100.0000
2023-02-05 10:51:04,665 - mmcls - INFO - Epoch [18][100/114]	lr: 5.000e-05, eta: 0:19:38, time: 0.141, data_time: 0.021, memory: 615, loss: 1.1449
2023-02-05 10:51:08,271 - mmcls - INFO - Epoch(val) [18][29]	accuracy_top-1: 55.0699, accuracy_top-5: 100.0000
2023-02-05 10:51:22,558 - mmcls - INFO - Epoch [19][100/114]	lr: 5.000e-05, eta: 0:19:23, time: 0.142, data_time: 0.021, memory: 615, loss: 1.1344
2023-02-05 10:51:26,171 - mmcls - INFO - Epoch(val) [19][29]	accuracy_top-1: 55.4196, accuracy_top-5: 100.0000
2023-02-05 10:51:40,429 - mmcls - INFO - Epoch [20][100/114]	lr: 5.000e-05, eta: 0:19:08, time: 0.142, data_time: 0.021, memory: 615, loss: 1.1350
2023-02-05 10:51:44,039 - mmcls - INFO - Epoch(val) [20][29]	accuracy_top-1: 54.7203, accuracy_top-5: 100.0000
2023-02-05 10:51:58,220 - mmcls - INFO - Epoch [21][100/114]	lr: 5.000e-05, eta: 0:18:53, time: 0.141, data_time: 0.021, memory: 615, loss: 1.1421
2023-02-05 10:52:01,861 - mmcls - INFO - Epoch(val) [21][29]	accuracy_top-1: 54.8951, accuracy_top-5: 100.0000
2023-02-05 10:52:16,087 - mmcls - INFO - Epoch [22][100/114]	lr: 5.000e-05, eta: 0:18:38, time: 0.141, data_time: 0.021, memory: 615, loss: 1.1277
2023-02-05 10:52:19,693 - mmcls - INFO - Epoch(val) [22][29]	accuracy_top-1: 54.7203, accuracy_top-5: 100.0000
2023-02-05 10:52:33,813 - mmcls - INFO - Epoch [23][100/114]	lr: 5.000e-05, eta: 0:18:22, time: 0.141, data_time: 0.021, memory: 615, loss: 1.1230
2023-02-05 10:52:37,419 - mmcls - INFO - Epoch(val) [23][29]	accuracy_top-1: 54.7203, accuracy_top-5: 100.0000
2023-02-05 10:52:51,651 - mmcls - INFO - Epoch [24][100/114]	lr: 5.000e-05, eta: 0:18:08, time: 0.142, data_time: 0.021, memory: 615, loss: 1.1113
2023-02-05 10:52:55,229 - mmcls - INFO - Epoch(val) [24][29]	accuracy_top-1: 55.5944, accuracy_top-5: 100.0000
2023-02-05 10:53:09,434 - mmcls - INFO - Epoch [25][100/114]	lr: 5.000e-05, eta: 0:17:53, time: 0.141, data_time: 0.021, memory: 615, loss: 1.1150
2023-02-05 10:53:13,046 - mmcls - INFO - Epoch(val) [25][29]	accuracy_top-1: 54.7203, accuracy_top-5: 100.0000
2023-02-05 10:53:27,301 - mmcls - INFO - Epoch [26][100/114]	lr: 5.000e-05, eta: 0:17:38, time: 0.142, data_time: 0.021, memory: 615, loss: 1.1180
2023-02-05 10:53:30,916 - mmcls - INFO - Epoch(val) [26][29]	accuracy_top-1: 55.0699, accuracy_top-5: 100.0000
2023-02-05 10:53:45,149 - mmcls - INFO - Epoch [27][100/114]	lr: 5.000e-05, eta: 0:17:24, time: 0.142, data_time: 0.021, memory: 615, loss: 1.1092
2023-02-05 10:53:48,766 - mmcls - INFO - Epoch(val) [27][29]	accuracy_top-1: 56.1189, accuracy_top-5: 100.0000
2023-02-05 10:54:02,934 - mmcls - INFO - Epoch [28][100/114]	lr: 5.000e-05, eta: 0:17:09, time: 0.141, data_time: 0.021, memory: 615, loss: 1.1110
2023-02-05 10:54:06,503 - mmcls - INFO - Epoch(val) [28][29]	accuracy_top-1: 54.5455, accuracy_top-5: 100.0000
2023-02-05 10:54:20,769 - mmcls - INFO - Epoch [29][100/114]	lr: 5.000e-05, eta: 0:16:54, time: 0.142, data_time: 0.021, memory: 615, loss: 1.0823
2023-02-05 10:54:24,370 - mmcls - INFO - Epoch(val) [29][29]	accuracy_top-1: 55.2448, accuracy_top-5: 100.0000
2023-02-05 10:54:38,537 - mmcls - INFO - Epoch [30][100/114]	lr: 5.000e-05, eta: 0:16:40, time: 0.141, data_time: 0.021, memory: 615, loss: 1.1020
2023-02-05 10:54:42,136 - mmcls - INFO - Epoch(val) [30][29]	accuracy_top-1: 55.9441, accuracy_top-5: 100.0000
2023-02-05 10:54:56,397 - mmcls - INFO - Epoch [31][100/114]	lr: 5.000e-05, eta: 0:16:25, time: 0.142, data_time: 0.021, memory: 615, loss: 1.0903
2023-02-05 10:55:00,011 - mmcls - INFO - Epoch(val) [31][29]	accuracy_top-1: 55.0699, accuracy_top-5: 100.0000
2023-02-05 10:55:14,241 - mmcls - INFO - Epoch [32][100/114]	lr: 5.000e-05, eta: 0:16:11, time: 0.142, data_time: 0.021, memory: 615, loss: 1.0853
2023-02-05 10:55:17,872 - mmcls - INFO - Epoch(val) [32][29]	accuracy_top-1: 55.7692, accuracy_top-5: 100.0000
2023-02-05 10:55:32,131 - mmcls - INFO - Epoch [33][100/114]	lr: 5.000e-05, eta: 0:15:56, time: 0.142, data_time: 0.021, memory: 615, loss: 1.0767
2023-02-05 10:55:36,098 - mmcls - INFO - Epoch(val) [33][29]	accuracy_top-1: 55.5944, accuracy_top-5: 100.0000
2023-02-05 10:55:50,458 - mmcls - INFO - Epoch [34][100/114]	lr: 5.000e-05, eta: 0:15:42, time: 0.143, data_time: 0.021, memory: 615, loss: 1.0873
2023-02-05 10:55:54,294 - mmcls - INFO - Epoch(val) [34][29]	accuracy_top-1: 56.6434, accuracy_top-5: 100.0000
2023-02-05 10:56:08,491 - mmcls - INFO - Epoch [35][100/114]	lr: 5.000e-05, eta: 0:15:28, time: 0.141, data_time: 0.021, memory: 615, loss: 1.0820
2023-02-05 10:56:12,113 - mmcls - INFO - Epoch(val) [35][29]	accuracy_top-1: 54.1958, accuracy_top-5: 100.0000
2023-02-05 10:56:26,331 - mmcls - INFO - Epoch [36][100/114]	lr: 5.000e-05, eta: 0:15:13, time: 0.141, data_time: 0.021, memory: 615, loss: 1.0816
2023-02-05 10:56:29,992 - mmcls - INFO - Epoch(val) [36][29]	accuracy_top-1: 56.6434, accuracy_top-5: 100.0000
2023-02-05 10:56:44,244 - mmcls - INFO - Epoch [37][100/114]	lr: 5.000e-05, eta: 0:14:59, time: 0.142, data_time: 0.021, memory: 615, loss: 1.0792
2023-02-05 10:56:47,872 - mmcls - INFO - Epoch(val) [37][29]	accuracy_top-1: 55.2448, accuracy_top-5: 100.0000
2023-02-05 10:57:02,127 - mmcls - INFO - Epoch [38][100/114]	lr: 5.000e-05, eta: 0:14:44, time: 0.142, data_time: 0.021, memory: 615, loss: 1.0741
2023-02-05 10:57:05,761 - mmcls - INFO - Epoch(val) [38][29]	accuracy_top-1: 55.7692, accuracy_top-5: 100.0000
2023-02-05 10:57:20,008 - mmcls - INFO - Epoch [39][100/114]	lr: 5.000e-05, eta: 0:14:30, time: 0.142, data_time: 0.021, memory: 615, loss: 1.0689
2023-02-05 10:57:23,609 - mmcls - INFO - Epoch(val) [39][29]	accuracy_top-1: 56.4685, accuracy_top-5: 100.0000
2023-02-05 10:57:37,784 - mmcls - INFO - Epoch [40][100/114]	lr: 5.000e-05, eta: 0:14:16, time: 0.141, data_time: 0.021, memory: 615, loss: 1.0831
2023-02-05 10:57:41,416 - mmcls - INFO - Epoch(val) [40][29]	accuracy_top-1: 55.2448, accuracy_top-5: 100.0000
2023-02-05 10:57:55,657 - mmcls - INFO - Epoch [41][100/114]	lr: 5.000e-05, eta: 0:14:01, time: 0.141, data_time: 0.021, memory: 615, loss: 1.0709
2023-02-05 10:57:59,256 - mmcls - INFO - Epoch(val) [41][29]	accuracy_top-1: 56.9930, accuracy_top-5: 100.0000
2023-02-05 10:58:13,514 - mmcls - INFO - Epoch [42][100/114]	lr: 5.000e-05, eta: 0:13:47, time: 0.142, data_time: 0.021, memory: 615, loss: 1.0597
2023-02-05 10:58:17,140 - mmcls - INFO - Epoch(val) [42][29]	accuracy_top-1: 56.8182, accuracy_top-5: 100.0000
2023-02-05 10:58:31,386 - mmcls - INFO - Epoch [43][100/114]	lr: 5.000e-05, eta: 0:13:33, time: 0.142, data_time: 0.021, memory: 615, loss: 1.0654
2023-02-05 10:58:35,063 - mmcls - INFO - Epoch(val) [43][29]	accuracy_top-1: 57.1678, accuracy_top-5: 100.0000
2023-02-05 10:58:49,318 - mmcls - INFO - Epoch [44][100/114]	lr: 5.000e-05, eta: 0:13:18, time: 0.142, data_time: 0.021, memory: 615, loss: 1.0795
2023-02-05 10:58:52,934 - mmcls - INFO - Epoch(val) [44][29]	accuracy_top-1: 56.2937, accuracy_top-5: 100.0000
2023-02-05 10:59:07,208 - mmcls - INFO - Epoch [45][100/114]	lr: 5.000e-05, eta: 0:13:04, time: 0.142, data_time: 0.021, memory: 615, loss: 1.0534
2023-02-05 10:59:10,904 - mmcls - INFO - Epoch(val) [45][29]	accuracy_top-1: 58.3916, accuracy_top-5: 100.0000
2023-02-05 10:59:25,161 - mmcls - INFO - Epoch [46][100/114]	lr: 5.000e-05, eta: 0:12:50, time: 0.142, data_time: 0.021, memory: 615, loss: 1.0576
2023-02-05 10:59:28,817 - mmcls - INFO - Epoch(val) [46][29]	accuracy_top-1: 57.1678, accuracy_top-5: 100.0000
2023-02-05 10:59:43,076 - mmcls - INFO - Epoch [47][100/114]	lr: 5.000e-05, eta: 0:12:35, time: 0.142, data_time: 0.021, memory: 615, loss: 1.0667
2023-02-05 10:59:46,706 - mmcls - INFO - Epoch(val) [47][29]	accuracy_top-1: 56.6434, accuracy_top-5: 100.0000
2023-02-05 11:00:00,966 - mmcls - INFO - Epoch [48][100/114]	lr: 5.000e-05, eta: 0:12:21, time: 0.142, data_time: 0.021, memory: 615, loss: 1.0493
2023-02-05 11:00:04,634 - mmcls - INFO - Epoch(val) [48][29]	accuracy_top-1: 56.6434, accuracy_top-5: 100.0000
2023-02-05 11:00:18,885 - mmcls - INFO - Epoch [49][100/114]	lr: 5.000e-05, eta: 0:12:07, time: 0.142, data_time: 0.021, memory: 615, loss: 1.0601
2023-02-05 11:00:22,528 - mmcls - INFO - Epoch(val) [49][29]	accuracy_top-1: 56.4685, accuracy_top-5: 100.0000
2023-02-05 11:00:36,766 - mmcls - INFO - Epoch [50][100/114]	lr: 5.000e-05, eta: 0:11:53, time: 0.142, data_time: 0.021, memory: 615, loss: 1.0583
2023-02-05 11:00:38,375 - mmcls - INFO - Saving checkpoint at 50 epochs
2023-02-05 11:00:40,981 - mmcls - INFO - Epoch(val) [50][29]	accuracy_top-1: 55.9441, accuracy_top-5: 100.0000
2023-02-05 11:00:55,247 - mmcls - INFO - Epoch [51][100/114]	lr: 5.000e-05, eta: 0:11:38, time: 0.142, data_time: 0.021, memory: 615, loss: 1.0493
2023-02-05 11:00:58,863 - mmcls - INFO - Epoch(val) [51][29]	accuracy_top-1: 58.5664, accuracy_top-5: 100.0000
2023-02-05 11:01:13,107 - mmcls - INFO - Epoch [52][100/114]	lr: 5.000e-05, eta: 0:11:24, time: 0.142, data_time: 0.021, memory: 615, loss: 1.0526
2023-02-05 11:01:16,753 - mmcls - INFO - Epoch(val) [52][29]	accuracy_top-1: 57.8671, accuracy_top-5: 100.0000
2023-02-05 11:01:31,013 - mmcls - INFO - Epoch [53][100/114]	lr: 5.000e-05, eta: 0:11:10, time: 0.142, data_time: 0.021, memory: 615, loss: 1.0580
2023-02-05 11:01:34,631 - mmcls - INFO - Epoch(val) [53][29]	accuracy_top-1: 57.5175, accuracy_top-5: 100.0000
2023-02-05 11:01:48,813 - mmcls - INFO - Epoch [54][100/114]	lr: 5.000e-05, eta: 0:10:55, time: 0.141, data_time: 0.021, memory: 615, loss: 1.0654
2023-02-05 11:01:52,480 - mmcls - INFO - Epoch(val) [54][29]	accuracy_top-1: 57.3427, accuracy_top-5: 100.0000
2023-02-05 11:02:06,682 - mmcls - INFO - Epoch [55][100/114]	lr: 5.000e-05, eta: 0:10:41, time: 0.141, data_time: 0.021, memory: 615, loss: 1.0267
2023-02-05 11:02:10,346 - mmcls - INFO - Epoch(val) [55][29]	accuracy_top-1: 58.2168, accuracy_top-5: 100.0000
2023-02-05 11:02:24,569 - mmcls - INFO - Epoch [56][100/114]	lr: 5.000e-05, eta: 0:10:27, time: 0.141, data_time: 0.021, memory: 615, loss: 1.0372
2023-02-05 11:02:28,205 - mmcls - INFO - Epoch(val) [56][29]	accuracy_top-1: 57.6923, accuracy_top-5: 100.0000
2023-02-05 11:02:42,433 - mmcls - INFO - Epoch [57][100/114]	lr: 5.000e-05, eta: 0:10:13, time: 0.142, data_time: 0.021, memory: 615, loss: 1.0380
2023-02-05 11:02:46,089 - mmcls - INFO - Epoch(val) [57][29]	accuracy_top-1: 58.2168, accuracy_top-5: 100.0000
2023-02-05 11:03:00,346 - mmcls - INFO - Epoch [58][100/114]	lr: 5.000e-05, eta: 0:09:58, time: 0.142, data_time: 0.021, memory: 615, loss: 1.0370
2023-02-05 11:03:03,997 - mmcls - INFO - Epoch(val) [58][29]	accuracy_top-1: 58.2168, accuracy_top-5: 100.0000
2023-02-05 11:03:18,251 - mmcls - INFO - Epoch [59][100/114]	lr: 5.000e-05, eta: 0:09:44, time: 0.142, data_time: 0.021, memory: 615, loss: 1.0354
2023-02-05 11:03:21,881 - mmcls - INFO - Epoch(val) [59][29]	accuracy_top-1: 58.0420, accuracy_top-5: 100.0000
2023-02-05 11:03:36,117 - mmcls - INFO - Epoch [60][100/114]	lr: 5.000e-05, eta: 0:09:30, time: 0.142, data_time: 0.021, memory: 615, loss: 1.0383
2023-02-05 11:03:39,767 - mmcls - INFO - Epoch(val) [60][29]	accuracy_top-1: 58.9161, accuracy_top-5: 100.0000
2023-02-05 11:03:54,034 - mmcls - INFO - Epoch [61][100/114]	lr: 5.000e-05, eta: 0:09:16, time: 0.142, data_time: 0.021, memory: 615, loss: 1.0228
2023-02-05 11:03:57,655 - mmcls - INFO - Epoch(val) [61][29]	accuracy_top-1: 58.0420, accuracy_top-5: 100.0000
2023-02-05 11:04:11,921 - mmcls - INFO - Epoch [62][100/114]	lr: 5.000e-05, eta: 0:09:01, time: 0.142, data_time: 0.021, memory: 615, loss: 1.0376
2023-02-05 11:04:15,530 - mmcls - INFO - Epoch(val) [62][29]	accuracy_top-1: 57.8671, accuracy_top-5: 100.0000
2023-02-05 11:04:29,819 - mmcls - INFO - Epoch [63][100/114]	lr: 5.000e-05, eta: 0:08:47, time: 0.142, data_time: 0.021, memory: 615, loss: 1.0210
2023-02-05 11:04:33,424 - mmcls - INFO - Epoch(val) [63][29]	accuracy_top-1: 59.0909, accuracy_top-5: 100.0000
2023-02-05 11:04:47,684 - mmcls - INFO - Epoch [64][100/114]	lr: 5.000e-05, eta: 0:08:33, time: 0.142, data_time: 0.021, memory: 615, loss: 1.0347
2023-02-05 11:04:51,326 - mmcls - INFO - Epoch(val) [64][29]	accuracy_top-1: 59.0909, accuracy_top-5: 100.0000
2023-02-05 11:05:05,589 - mmcls - INFO - Epoch [65][100/114]	lr: 5.000e-05, eta: 0:08:19, time: 0.142, data_time: 0.021, memory: 615, loss: 1.0296
2023-02-05 11:05:09,249 - mmcls - INFO - Epoch(val) [65][29]	accuracy_top-1: 58.7413, accuracy_top-5: 100.0000
2023-02-05 11:05:23,517 - mmcls - INFO - Epoch [66][100/114]	lr: 5.000e-05, eta: 0:08:04, time: 0.142, data_time: 0.021, memory: 615, loss: 1.0205
2023-02-05 11:05:27,160 - mmcls - INFO - Epoch(val) [66][29]	accuracy_top-1: 57.8671, accuracy_top-5: 100.0000
2023-02-05 11:05:41,475 - mmcls - INFO - Epoch [67][100/114]	lr: 5.000e-05, eta: 0:07:50, time: 0.142, data_time: 0.021, memory: 615, loss: 1.0275
2023-02-05 11:05:45,594 - mmcls - INFO - Epoch(val) [67][29]	accuracy_top-1: 59.2657, accuracy_top-5: 100.0000
2023-02-05 11:06:00,063 - mmcls - INFO - Epoch [68][100/114]	lr: 5.000e-05, eta: 0:07:36, time: 0.144, data_time: 0.021, memory: 615, loss: 1.0261
2023-02-05 11:06:03,994 - mmcls - INFO - Epoch(val) [68][29]	accuracy_top-1: 60.3147, accuracy_top-5: 100.0000
2023-02-05 11:06:18,250 - mmcls - INFO - Epoch [69][100/114]	lr: 5.000e-05, eta: 0:07:22, time: 0.142, data_time: 0.021, memory: 615, loss: 1.0369
2023-02-05 11:06:21,957 - mmcls - INFO - Epoch(val) [69][29]	accuracy_top-1: 59.4406, accuracy_top-5: 100.0000
2023-02-05 11:06:36,143 - mmcls - INFO - Epoch [70][100/114]	lr: 5.000e-05, eta: 0:07:08, time: 0.141, data_time: 0.021, memory: 615, loss: 1.0171
2023-02-05 11:06:39,825 - mmcls - INFO - Epoch(val) [70][29]	accuracy_top-1: 59.0909, accuracy_top-5: 100.0000
2023-02-05 11:06:54,035 - mmcls - INFO - Epoch [71][100/114]	lr: 5.000e-05, eta: 0:06:53, time: 0.141, data_time: 0.021, memory: 615, loss: 1.0002
2023-02-05 11:06:57,700 - mmcls - INFO - Epoch(val) [71][29]	accuracy_top-1: 59.7902, accuracy_top-5: 100.0000
2023-02-05 11:07:11,897 - mmcls - INFO - Epoch [72][100/114]	lr: 5.000e-05, eta: 0:06:39, time: 0.141, data_time: 0.021, memory: 615, loss: 1.0289
2023-02-05 11:07:15,544 - mmcls - INFO - Epoch(val) [72][29]	accuracy_top-1: 58.7413, accuracy_top-5: 100.0000
2023-02-05 11:07:29,804 - mmcls - INFO - Epoch [73][100/114]	lr: 5.000e-05, eta: 0:06:25, time: 0.142, data_time: 0.021, memory: 615, loss: 1.0151
2023-02-05 11:07:33,436 - mmcls - INFO - Epoch(val) [73][29]	accuracy_top-1: 58.9161, accuracy_top-5: 100.0000
2023-02-05 11:07:47,707 - mmcls - INFO - Epoch [74][100/114]	lr: 5.000e-05, eta: 0:06:11, time: 0.142, data_time: 0.021, memory: 615, loss: 1.0084
2023-02-05 11:07:51,375 - mmcls - INFO - Epoch(val) [74][29]	accuracy_top-1: 59.7902, accuracy_top-5: 100.0000
2023-02-05 11:08:05,610 - mmcls - INFO - Epoch [75][100/114]	lr: 5.000e-05, eta: 0:05:56, time: 0.141, data_time: 0.021, memory: 615, loss: 1.0237
2023-02-05 11:08:09,294 - mmcls - INFO - Epoch(val) [75][29]	accuracy_top-1: 60.3147, accuracy_top-5: 100.0000
2023-02-05 11:08:23,531 - mmcls - INFO - Epoch [76][100/114]	lr: 5.000e-05, eta: 0:05:42, time: 0.142, data_time: 0.021, memory: 615, loss: 1.0226
2023-02-05 11:08:27,190 - mmcls - INFO - Epoch(val) [76][29]	accuracy_top-1: 59.0909, accuracy_top-5: 100.0000
2023-02-05 11:08:41,431 - mmcls - INFO - Epoch [77][100/114]	lr: 5.000e-05, eta: 0:05:28, time: 0.142, data_time: 0.021, memory: 615, loss: 1.0155
2023-02-05 11:08:45,149 - mmcls - INFO - Epoch(val) [77][29]	accuracy_top-1: 59.6154, accuracy_top-5: 100.0000
2023-02-05 11:08:59,335 - mmcls - INFO - Epoch [78][100/114]	lr: 5.000e-05, eta: 0:05:14, time: 0.141, data_time: 0.021, memory: 615, loss: 1.0123
2023-02-05 11:09:02,982 - mmcls - INFO - Epoch(val) [78][29]	accuracy_top-1: 61.3636, accuracy_top-5: 100.0000
2023-02-05 11:09:17,207 - mmcls - INFO - Epoch [79][100/114]	lr: 5.000e-05, eta: 0:05:00, time: 0.142, data_time: 0.021, memory: 615, loss: 1.0042
2023-02-05 11:09:20,878 - mmcls - INFO - Epoch(val) [79][29]	accuracy_top-1: 59.7902, accuracy_top-5: 100.0000
2023-02-05 11:09:35,118 - mmcls - INFO - Epoch [80][100/114]	lr: 5.000e-05, eta: 0:04:45, time: 0.141, data_time: 0.021, memory: 615, loss: 0.9958
2023-02-05 11:09:38,779 - mmcls - INFO - Epoch(val) [80][29]	accuracy_top-1: 60.6643, accuracy_top-5: 100.0000
2023-02-05 11:09:53,013 - mmcls - INFO - Epoch [81][100/114]	lr: 5.000e-05, eta: 0:04:31, time: 0.142, data_time: 0.021, memory: 615, loss: 1.0022
2023-02-05 11:09:56,663 - mmcls - INFO - Epoch(val) [81][29]	accuracy_top-1: 60.3147, accuracy_top-5: 100.0000
2023-02-05 11:10:10,921 - mmcls - INFO - Epoch [82][100/114]	lr: 5.000e-05, eta: 0:04:17, time: 0.142, data_time: 0.021, memory: 615, loss: 1.0080
2023-02-05 11:10:14,572 - mmcls - INFO - Epoch(val) [82][29]	accuracy_top-1: 60.8392, accuracy_top-5: 100.0000
2023-02-05 11:10:28,795 - mmcls - INFO - Epoch [83][100/114]	lr: 5.000e-05, eta: 0:04:03, time: 0.141, data_time: 0.021, memory: 615, loss: 1.0110
2023-02-05 11:10:32,417 - mmcls - INFO - Epoch(val) [83][29]	accuracy_top-1: 60.8392, accuracy_top-5: 100.0000
2023-02-05 11:10:46,671 - mmcls - INFO - Epoch [84][100/114]	lr: 5.000e-05, eta: 0:03:48, time: 0.142, data_time: 0.021, memory: 615, loss: 1.0121
2023-02-05 11:10:50,363 - mmcls - INFO - Epoch(val) [84][29]	accuracy_top-1: 60.1399, accuracy_top-5: 100.0000
2023-02-05 11:11:04,600 - mmcls - INFO - Epoch [85][100/114]	lr: 5.000e-05, eta: 0:03:34, time: 0.142, data_time: 0.021, memory: 615, loss: 1.0070
2023-02-05 11:11:08,245 - mmcls - INFO - Epoch(val) [85][29]	accuracy_top-1: 60.8392, accuracy_top-5: 100.0000
2023-02-05 11:11:22,495 - mmcls - INFO - Epoch [86][100/114]	lr: 5.000e-05, eta: 0:03:20, time: 0.142, data_time: 0.021, memory: 615, loss: 1.0042
2023-02-05 11:11:26,111 - mmcls - INFO - Epoch(val) [86][29]	accuracy_top-1: 60.8392, accuracy_top-5: 100.0000
2023-02-05 11:11:40,365 - mmcls - INFO - Epoch [87][100/114]	lr: 5.000e-05, eta: 0:03:06, time: 0.142, data_time: 0.021, memory: 615, loss: 1.0036
2023-02-05 11:11:44,054 - mmcls - INFO - Epoch(val) [87][29]	accuracy_top-1: 61.1888, accuracy_top-5: 100.0000
2023-02-05 11:11:58,301 - mmcls - INFO - Epoch [88][100/114]	lr: 5.000e-05, eta: 0:02:52, time: 0.142, data_time: 0.021, memory: 615, loss: 1.0196
2023-02-05 11:12:01,918 - mmcls - INFO - Epoch(val) [88][29]	accuracy_top-1: 62.0629, accuracy_top-5: 100.0000
2023-02-05 11:12:16,194 - mmcls - INFO - Epoch [89][100/114]	lr: 5.000e-05, eta: 0:02:37, time: 0.142, data_time: 0.021, memory: 615, loss: 1.0028
2023-02-05 11:12:19,910 - mmcls - INFO - Epoch(val) [89][29]	accuracy_top-1: 61.5385, accuracy_top-5: 100.0000
2023-02-05 11:12:34,085 - mmcls - INFO - Epoch [90][100/114]	lr: 5.000e-05, eta: 0:02:23, time: 0.141, data_time: 0.021, memory: 615, loss: 0.9811
2023-02-05 11:12:37,734 - mmcls - INFO - Epoch(val) [90][29]	accuracy_top-1: 61.7133, accuracy_top-5: 100.0000
2023-02-05 11:12:51,966 - mmcls - INFO - Epoch [91][100/114]	lr: 5.000e-05, eta: 0:02:09, time: 0.142, data_time: 0.021, memory: 615, loss: 0.9978
2023-02-05 11:12:55,613 - mmcls - INFO - Epoch(val) [91][29]	accuracy_top-1: 60.4895, accuracy_top-5: 100.0000
2023-02-05 11:13:09,850 - mmcls - INFO - Epoch [92][100/114]	lr: 5.000e-05, eta: 0:01:55, time: 0.142, data_time: 0.021, memory: 615, loss: 0.9884
2023-02-05 11:13:13,483 - mmcls - INFO - Epoch(val) [92][29]	accuracy_top-1: 60.1399, accuracy_top-5: 100.0000
2023-02-05 11:13:27,741 - mmcls - INFO - Epoch [93][100/114]	lr: 5.000e-05, eta: 0:01:41, time: 0.142, data_time: 0.021, memory: 615, loss: 0.9913
2023-02-05 11:13:31,419 - mmcls - INFO - Epoch(val) [93][29]	accuracy_top-1: 62.4126, accuracy_top-5: 100.0000
2023-02-05 11:13:45,638 - mmcls - INFO - Epoch [94][100/114]	lr: 5.000e-05, eta: 0:01:26, time: 0.141, data_time: 0.021, memory: 615, loss: 0.9719
2023-02-05 11:13:49,349 - mmcls - INFO - Epoch(val) [94][29]	accuracy_top-1: 63.1119, accuracy_top-5: 100.0000
2023-02-05 11:14:03,559 - mmcls - INFO - Epoch [95][100/114]	lr: 5.000e-05, eta: 0:01:12, time: 0.141, data_time: 0.021, memory: 615, loss: 0.9821
2023-02-05 11:14:07,202 - mmcls - INFO - Epoch(val) [95][29]	accuracy_top-1: 62.5874, accuracy_top-5: 100.0000
2023-02-05 11:14:21,435 - mmcls - INFO - Epoch [96][100/114]	lr: 5.000e-05, eta: 0:00:58, time: 0.141, data_time: 0.021, memory: 615, loss: 0.9814
2023-02-05 11:14:25,093 - mmcls - INFO - Epoch(val) [96][29]	accuracy_top-1: 63.1119, accuracy_top-5: 100.0000
2023-02-05 11:14:39,325 - mmcls - INFO - Epoch [97][100/114]	lr: 5.000e-05, eta: 0:00:44, time: 0.141, data_time: 0.021, memory: 615, loss: 0.9864
2023-02-05 11:14:43,045 - mmcls - INFO - Epoch(val) [97][29]	accuracy_top-1: 62.2378, accuracy_top-5: 100.0000
2023-02-05 11:14:57,243 - mmcls - INFO - Epoch [98][100/114]	lr: 5.000e-05, eta: 0:00:30, time: 0.141, data_time: 0.021, memory: 615, loss: 0.9721
2023-02-05 11:15:00,966 - mmcls - INFO - Epoch(val) [98][29]	accuracy_top-1: 62.9371, accuracy_top-5: 100.0000
2023-02-05 11:15:15,146 - mmcls - INFO - Epoch [99][100/114]	lr: 5.000e-05, eta: 0:00:15, time: 0.141, data_time: 0.021, memory: 615, loss: 0.9754
2023-02-05 11:15:18,814 - mmcls - INFO - Epoch(val) [99][29]	accuracy_top-1: 62.9371, accuracy_top-5: 100.0000
2023-02-05 11:15:33,042 - mmcls - INFO - Epoch [100][100/114]	lr: 5.000e-05, eta: 0:00:01, time: 0.141, data_time: 0.021, memory: 615, loss: 0.9657
2023-02-05 11:15:34,675 - mmcls - INFO - Saving checkpoint at 100 epochs
2023-02-05 11:15:37,652 - mmcls - INFO - Epoch(val) [100][29]	accuracy_top-1: 62.7622, accuracy_top-5: 100.0000
